fooddelivery/build/app/intermediates/manifest_merge_blame_file/release/manifest-merger-blame-release-report.txt
1<?xml version="1.0" encoding="utf-8"?>
2<manifest xmlns:android="http://schemas.android.com/apk/res/android"
3    package="com.example.fooddelivery"
4    android:versionCode="1"
5    android:versionName="1.0.0" >
6
7    <uses-sdk
8        android:minSdkVersion="19"
8-->src\main\AndroidManifest.xml
9        android:targetSdkVersion="33" />
9-->src\main\AndroidManifest.xml
10    <!--
11         Required to query activities that can process text, see:
12         https://developer.android.com/training/package-visibility?hl=en and
13         https://developer.android.com/reference/android/content/Intent#ACTION_PROCESS_TEXT.
14
15         In particular, this is used by the Flutter engine in io.flutter.plugin.text.ProcessTextPlugin.
16    -->
17    <queries>
17-->src\main\AndroidManifest.xml:38:5-43:15
18        <intent>
18-->src\main\AndroidManifest.xml:39:9-42:18
19            <action android:name="android.intent.action.PROCESS_TEXT" />
19-->src\main\AndroidManifest.xml:40:13-72
19-->src\main\AndroidManifest.xml:40:21-70
20
21            <data android:mimeType="text/plain" />
21-->src\main\AndroidManifest.xml:41:13-50
21-->src\main\AndroidManifest.xml:41:19-48
22        </intent>
23    </queries>
24
25    <uses-permission android:name="android.permission.INTERNET" />
25-->[com.google.firebase:firebase-auth:22.3.1] AndroidManifest.xml:25:5-67
25-->[com.google.firebase:firebase-auth:22.3.1] AndroidManifest.xml:25:22-64
26    <uses-permission android:name="android.permission.ACCESS_NETWORK_STATE" />
26-->[com.google.firebase:firebase-auth:22.3.1] AndroidManifest.xml:26:5-79
26-->[com.google.firebase:firebase-auth:22.3.1] AndroidManifest.xml:26:22-76
27    <uses-permission android:name="com.google.android.providers.gsf.permission.READ_GSERVICES" />
27-->[com.google.android.recaptcha:recaptcha:18.4.0] AndroidManifest.xml:9:5-98
27-->[com.google.android.recaptcha:recaptcha:18.4.0] AndroidManifest.xml:9:22-95
28
29    <permission
29-->[androidx.core:core:1.10.1] AndroidManifest.xml:22:5-24:47
30        android:name="com.example.fooddelivery.DYNAMIC_RECEIVER_NOT_EXPORTED_PERMISSION"
30-->[androidx.core:core:1.10.1] AndroidManifest.xml:23:9-81
31        android:protectionLevel="signature" />
31-->[androidx.core:core:1.10.1] AndroidManifest.xml:24:9-44
32
33    <uses-permission android:name="com.example.fooddelivery.DYNAMIC_RECEIVER_NOT_EXPORTED_PERMISSION" />
33-->[androidx.core:core:1.10.1] AndroidManifest.xml:26:5-97
33-->[androidx.core:core:1.10.1] AndroidManifest.xml:26:22-94
34
35    <application
36        android:name="io.flutter.app.FlutterMultiDexApplication"
36-->src\main\AndroidManifest.xml:4:9-42
37        android:appComponentFactory="androidx.core.app.CoreComponentFactory"
37-->[androidx.core:core:1.10.1] AndroidManifest.xml:28:18-86
38        android:icon="@mipmap/ic_launcher"
38-->src\main\AndroidManifest.xml:5:9-43
39        android:label="fooddelivery" >
39-->src\main\AndroidManifest.xml:3:9-37
40        <activity
40-->src\main\AndroidManifest.xml:6:9-26:20
41            android:name="com.example.fooddelivery.MainActivity"
41-->src\main\AndroidManifest.xml:7:13-41
42            android:configChanges="orientation|keyboardHidden|keyboard|screenSize|smallestScreenSize|locale|layoutDirection|fontScale|screenLayout|density|uiMode"
42-->src\main\AndroidManifest.xml:11:13-163
43            android:exported="true"
43-->src\main\AndroidManifest.xml:8:13-36
44            android:hardwareAccelerated="true"
44-->src\main\AndroidManifest.xml:12:13-47
45            android:launchMode="singleTop"
45-->src\main\AndroidManifest.xml:9:13-43
46            android:theme="@style/LaunchTheme"
46-->src\main\AndroidManifest.xml:10:13-47
47            android:windowSoftInputMode="adjustResize" >
47-->src\main\AndroidManifest.xml:13:13-55
48
49            <!--
50                 Specifies an Android theme to apply to this Activity as soon as
51                 the Android process has started. This theme is visible to the user
52                 while the Flutter UI initializes. After that, this theme continues
53                 to determine the Window background behind the Flutter UI.
54            -->
55            <meta-data
55-->src\main\AndroidManifest.xml:18:13-21:17
56                android:name="io.flutter.embedding.android.NormalTheme"
56-->src\main\AndroidManifest.xml:19:15-70
57                android:resource="@style/NormalTheme" />
57-->src\main\AndroidManifest.xml:20:15-52
58
59            <intent-filter>
59-->src\main\AndroidManifest.xml:22:13-25:29
60                <action android:name="android.intent.action.MAIN" />
60-->src\main\AndroidManifest.xml:23:17-68
60-->src\main\AndroidManifest.xml:23:25-66
61
62                <category android:name="android.intent.category.LAUNCHER" />
62-->src\main\AndroidManifest.xml:24:17-76
62-->src\main\AndroidManifest.xml:24:27-74
63            </intent-filter>
64        </activity>
65        <!--
66             Don't delete the meta-data below.
67             This is used by the Flutter tool to generate GeneratedPluginRegistrant.java
68        -->
69        <meta-data
69-->src\main\AndroidManifest.xml:29:9-31:33
70            android:name="flutterEmbedding"
70-->src\main\AndroidManifest.xml:30:13-44
71            android:value="2" />
71-->src\main\AndroidManifest.xml:31:13-30
72
73        <service
73-->[:firebase_auth] AndroidManifest.xml:10:9-14:19
74            android:name="com.google.firebase.components.ComponentDiscoveryService"
74-->[:firebase_auth] AndroidManifest.xml:10:18-89
75            android:directBootAware="true"
75-->[com.google.firebase:firebase-common:20.4.3] AndroidManifest.xml:32:13-43
76            android:exported="false" >
76-->[com.google.firebase:firebase-auth:22.3.1] AndroidManifest.xml:68:13-37
77            <meta-data
77-->[:firebase_auth] AndroidManifest.xml:11:13-13:85
78                android:name="com.google.firebase.components:io.flutter.plugins.firebase.auth.FlutterFirebaseAuthRegistrar"
78-->[:firebase_auth] AndroidManifest.xml:12:17-124
79                android:value="com.google.firebase.components.ComponentRegistrar" />
79-->[:firebase_auth] AndroidManifest.xml:13:17-82
80            <meta-data
80-->[:firebase_storage] AndroidManifest.xml:11:13-13:85
81                android:name="com.google.firebase.components:io.flutter.plugins.firebase.storage.FlutterFirebaseAppRegistrar"
81-->[:firebase_storage] AndroidManifest.xml:12:17-126
82                android:value="com.google.firebase.components.ComponentRegistrar" />
82-->[:firebase_storage] AndroidManifest.xml:13:17-82
83            <meta-data
83-->[:cloud_firestore] AndroidManifest.xml:11:13-13:85
84                android:name="com.google.firebase.components:io.flutter.plugins.firebase.firestore.FlutterFirebaseFirestoreRegistrar"
84-->[:cloud_firestore] AndroidManifest.xml:12:17-134
85                android:value="com.google.firebase.components.ComponentRegistrar" />
85-->[:cloud_firestore] AndroidManifest.xml:13:17-82
86            <meta-data
86-->[:firebase_core] AndroidManifest.xml:11:13-13:85
87                android:name="com.google.firebase.components:io.flutter.plugins.firebase.core.FlutterFirebaseCoreRegistrar"
87-->[:firebase_core] AndroidManifest.xml:12:17-124
88                android:value="com.google.firebase.components.ComponentRegistrar" />
88-->[:firebase_core] AndroidManifest.xml:13:17-82
89            <meta-data
89-->[com.google.firebase:firebase-auth:22.3.1] AndroidManifest.xml:69:13-71:85
90                android:name="com.google.firebase.components:com.google.firebase.auth.FirebaseAuthRegistrar"
90-->[com.google.firebase:firebase-auth:22.3.1] AndroidManifest.xml:70:17-109
91                android:value="com.google.firebase.components.ComponentRegistrar" />
91-->[com.google.firebase:firebase-auth:22.3.1] AndroidManifest.xml:71:17-82
92            <meta-data
92-->[com.google.firebase:firebase-firestore:24.11.0] AndroidManifest.xml:17:13-19:85
93                android:name="com.google.firebase.components:com.google.firebase.firestore.FirebaseFirestoreKtxRegistrar"
93-->[com.google.firebase:firebase-firestore:24.11.0] AndroidManifest.xml:18:17-122
94                android:value="com.google.firebase.components.ComponentRegistrar" />
94-->[com.google.firebase:firebase-firestore:24.11.0] AndroidManifest.xml:19:17-82
95            <meta-data
95-->[com.google.firebase:firebase-firestore:24.11.0] AndroidManifest.xml:20:13-22:85
96                android:name="com.google.firebase.components:com.google.firebase.firestore.FirestoreRegistrar"
96-->[com.google.firebase:firebase-firestore:24.11.0] AndroidManifest.xml:21:17-111
97                android:value="com.google.firebase.components.ComponentRegistrar" />
97-->[com.google.firebase:firebase-firestore:24.11.0] AndroidManifest.xml:22:17-82
98            <meta-data
98-->[com.google.firebase:firebase-storage:20.3.0] AndroidManifest.xml:30:13-32:85
99                android:name="com.google.firebase.components:com.google.firebase.storage.FirebaseStorageKtxRegistrar"
99-->[com.google.firebase:firebase-storage:20.3.0] AndroidManifest.xml:31:17-118
100                android:value="com.google.firebase.components.ComponentRegistrar" />
100-->[com.google.firebase:firebase-storage:20.3.0] AndroidManifest.xml:32:17-82
101            <meta-data
101-->[com.google.firebase:firebase-storage:20.3.0] AndroidManifest.xml:33:13-35:85
102                android:name="com.google.firebase.components:com.google.firebase.storage.StorageRegistrar"
102-->[com.google.firebase:firebase-storage:20.3.0] AndroidManifest.xml:34:17-107
103                android:value="com.google.firebase.components.ComponentRegistrar" />
103-->[com.google.firebase:firebase-storage:20.3.0] AndroidManifest.xml:35:17-82
104            <meta-data
104-->[com.google.firebase:firebase-appcheck:17.1.2] AndroidManifest.xml:25:13-27:85
105                android:name="com.google.firebase.components:com.google.firebase.appcheck.FirebaseAppCheckKtxRegistrar"
105-->[com.google.firebase:firebase-appcheck:17.1.2] AndroidManifest.xml:26:17-120
106                android:value="com.google.firebase.components.ComponentRegistrar" />
106-->[com.google.firebase:firebase-appcheck:17.1.2] AndroidManifest.xml:27:17-82
107            <meta-data
107-->[com.google.firebase:firebase-appcheck:17.1.2] AndroidManifest.xml:28:13-30:85
108                android:name="com.google.firebase.components:com.google.firebase.appcheck.FirebaseAppCheckRegistrar"
108-->[com.google.firebase:firebase-appcheck:17.1.2] AndroidManifest.xml:29:17-117
109                android:value="com.google.firebase.components.ComponentRegistrar" />
109-->[com.google.firebase:firebase-appcheck:17.1.2] AndroidManifest.xml:30:17-82
110            <meta-data
110-->[com.google.firebase:firebase-common-ktx:20.4.3] AndroidManifest.xml:12:13-14:85
111                android:name="com.google.firebase.components:com.google.firebase.ktx.FirebaseCommonLegacyRegistrar"
111-->[com.google.firebase:firebase-common-ktx:20.4.3] AndroidManifest.xml:13:17-116
112                android:value="com.google.firebase.components.ComponentRegistrar" />
112-->[com.google.firebase:firebase-common-ktx:20.4.3] AndroidManifest.xml:14:17-82
113            <meta-data
113-->[com.google.firebase:firebase-common:20.4.3] AndroidManifest.xml:35:13-37:85
114                android:name="com.google.firebase.components:com.google.firebase.FirebaseCommonKtxRegistrar"
114-->[com.google.firebase:firebase-common:20.4.3] AndroidManifest.xml:36:17-109
115                android:value="com.google.firebase.components.ComponentRegistrar" />
115-->[com.google.firebase:firebase-common:20.4.3] AndroidManifest.xml:37:17-82
116        </service>
117
118        <provider
118-->[:image_picker_android] AndroidManifest.xml:11:9-19:20
119            android:name="io.flutter.plugins.imagepicker.ImagePickerFileProvider"
119-->[:image_picker_android] AndroidManifest.xml:12:13-82
120            android:authorities="com.example.fooddelivery.flutter.image_provider"
120-->[:image_picker_android] AndroidManifest.xml:13:13-74
121            android:exported="false"
121-->[:image_picker_android] AndroidManifest.xml:14:13-37
122            android:grantUriPermissions="true" >
122-->[:image_picker_android] AndroidManifest.xml:15:13-47
123            <meta-data
123-->[:image_picker_android] AndroidManifest.xml:16:13-18:75
124                android:name="android.support.FILE_PROVIDER_PATHS"
124-->[:image_picker_android] AndroidManifest.xml:17:17-67
125                android:resource="@xml/flutter_image_picker_file_paths" />
125-->[:image_picker_android] AndroidManifest.xml:18:17-72
126        </provider> <!-- Trigger Google Play services to install the backported photo picker module. -->
127        <service
127-->[:image_picker_android] AndroidManifest.xml:21:9-33:19
128            android:name="com.google.android.gms.metadata.ModuleDependencies"
128-->[:image_picker_android] AndroidManifest.xml:22:13-78
129            android:enabled="false"
129-->[:image_picker_android] AndroidManifest.xml:23:13-36
130            android:exported="false" >
130-->[:image_picker_android] AndroidManifest.xml:24:13-37
131            <intent-filter>
131-->[:image_picker_android] AndroidManifest.xml:26:13-28:29
132                <action android:name="com.google.android.gms.metadata.MODULE_DEPENDENCIES" />
132-->[:image_picker_android] AndroidManifest.xml:27:17-94
132-->[:image_picker_android] AndroidManifest.xml:27:25-91
133            </intent-filter>
134
135            <meta-data
135-->[:image_picker_android] AndroidManifest.xml:30:13-32:36
136                android:name="photopicker_activity:0:required"
136-->[:image_picker_android] AndroidManifest.xml:31:17-63
137                android:value="" />
137-->[:image_picker_android] AndroidManifest.xml:32:17-33
138        </service>
139
140        <activity
140-->[com.google.firebase:firebase-auth:22.3.1] AndroidManifest.xml:29:9-46:20
141            android:name="com.google.firebase.auth.internal.GenericIdpActivity"
141-->[com.google.firebase:firebase-auth:22.3.1] AndroidManifest.xml:30:13-80
142            android:excludeFromRecents="true"
142-->[com.google.firebase:firebase-auth:22.3.1] AndroidManifest.xml:31:13-46
143            android:exported="true"
143-->[com.google.firebase:firebase-auth:22.3.1] AndroidManifest.xml:32:13-36
144            android:launchMode="singleTask"
144-->[com.google.firebase:firebase-auth:22.3.1] AndroidManifest.xml:33:13-44
145            android:theme="@android:style/Theme.Translucent.NoTitleBar" >
145-->[com.google.firebase:firebase-auth:22.3.1] AndroidManifest.xml:34:13-72
146            <intent-filter>
146-->[com.google.firebase:firebase-auth:22.3.1] AndroidManifest.xml:35:13-45:29
147                <action android:name="android.intent.action.VIEW" />
147-->[com.google.firebase:firebase-auth:22.3.1] AndroidManifest.xml:36:17-69
147-->[com.google.firebase:firebase-auth:22.3.1] AndroidManifest.xml:36:25-66
148
149                <category android:name="android.intent.category.DEFAULT" />
149-->[com.google.firebase:firebase-auth:22.3.1] AndroidManifest.xml:38:17-76
149-->[com.google.firebase:firebase-auth:22.3.1] AndroidManifest.xml:38:27-73
150                <category android:name="android.intent.category.BROWSABLE" />
150-->[com.google.firebase:firebase-auth:22.3.1] AndroidManifest.xml:39:17-78
150-->[com.google.firebase:firebase-auth:22.3.1] AndroidManifest.xml:39:27-75
151
152                <data
152-->src\main\AndroidManifest.xml:41:13-50
153                    android:host="firebase.auth"
154                    android:path="/"
155                    android:scheme="genericidp" />
156            </intent-filter>
157        </activity>
158        <activity
158-->[com.google.firebase:firebase-auth:22.3.1] AndroidManifest.xml:47:9-64:20
159            android:name="com.google.firebase.auth.internal.RecaptchaActivity"
159-->[com.google.firebase:firebase-auth:22.3.1] AndroidManifest.xml:48:13-79
160            android:excludeFromRecents="true"
160-->[com.google.firebase:firebase-auth:22.3.1] AndroidManifest.xml:49:13-46
161            android:exported="true"
161-->[com.google.firebase:firebase-auth:22.3.1] AndroidManifest.xml:50:13-36
162            android:launchMode="singleTask"
162-->[com.google.firebase:firebase-auth:22.3.1] AndroidManifest.xml:51:13-44
163            android:theme="@android:style/Theme.Translucent.NoTitleBar" >
163-->[com.google.firebase:firebase-auth:22.3.1] AndroidManifest.xml:52:13-72
164            <intent-filter>
164-->[com.google.firebase:firebase-auth:22.3.1] AndroidManifest.xml:53:13-63:29
165                <action android:name="android.intent.action.VIEW" />
165-->[com.google.firebase:firebase-auth:22.3.1] AndroidManifest.xml:36:17-69
165-->[com.google.firebase:firebase-auth:22.3.1] AndroidManifest.xml:36:25-66
166
167                <category android:name="android.intent.category.DEFAULT" />
167-->[com.google.firebase:firebase-auth:22.3.1] AndroidManifest.xml:38:17-76
167-->[com.google.firebase:firebase-auth:22.3.1] AndroidManifest.xml:38:27-73
168                <category android:name="android.intent.category.BROWSABLE" />
168-->[com.google.firebase:firebase-auth:22.3.1] AndroidManifest.xml:39:17-78
168-->[com.google.firebase:firebase-auth:22.3.1] AndroidManifest.xml:39:27-75
169
170                <data
170-->src\main\AndroidManifest.xml:41:13-50
171                    android:host="firebase.auth"
172                    android:path="/"
173                    android:scheme="recaptcha" />
174            </intent-filter>
175        </activity>
176
177        <provider
177-->[com.google.firebase:firebase-common:20.4.3] AndroidManifest.xml:23:9-28:39
178            android:name="com.google.firebase.provider.FirebaseInitProvider"
178-->[com.google.firebase:firebase-common:20.4.3] AndroidManifest.xml:24:13-77
179            android:authorities="com.example.fooddelivery.firebaseinitprovider"
179-->[com.google.firebase:firebase-common:20.4.3] AndroidManifest.xml:25:13-72
180            android:directBootAware="true"
180-->[com.google.firebase:firebase-common:20.4.3] AndroidManifest.xml:26:13-43
181            android:exported="false"
181-->[com.google.firebase:firebase-common:20.4.3] AndroidManifest.xml:27:13-37
182            android:initOrder="100" />
182-->[com.google.firebase:firebase-common:20.4.3] AndroidManifest.xml:28:13-36
183
184        <activity
184-->[com.google.android.gms:play-services-base:18.1.0] AndroidManifest.xml:20:9-22:45
185            android:name="com.google.android.gms.common.api.GoogleApiActivity"
185-->[com.google.android.gms:play-services-base:18.1.0] AndroidManifest.xml:20:19-85
186            android:exported="false"
186-->[com.google.android.gms:play-services-base:18.1.0] AndroidManifest.xml:22:19-43
187            android:theme="@android:style/Theme.Translucent.NoTitleBar" />
187-->[com.google.android.gms:play-services-base:18.1.0] AndroidManifest.xml:21:19-78
188
189        <meta-data
189-->[com.google.android.gms:play-services-basement:18.3.0] AndroidManifest.xml:21:9-23:69
190            android:name="com.google.android.gms.version"
190-->[com.google.android.gms:play-services-basement:18.3.0] AndroidManifest.xml:22:13-58
191            android:value="@integer/google_play_services_version" />
191-->[com.google.android.gms:play-services-basement:18.3.0] AndroidManifest.xml:23:13-66
192
193        <uses-library
193-->[androidx.window:window:1.0.0-beta04] AndroidManifest.xml:25:9-27:40
194            android:name="androidx.window.extensions"
194-->[androidx.window:window:1.0.0-beta04] AndroidManifest.xml:26:13-54
195            android:required="false" />
195-->[androidx.window:window:1.0.0-beta04] AndroidManifest.xml:27:13-37
196        <uses-library
196-->[androidx.window:window:1.0.0-beta04] AndroidManifest.xml:28:9-30:40
197            android:name="androidx.window.sidecar"
197-->[androidx.window:window:1.0.0-beta04] AndroidManifest.xml:29:13-51
198            android:required="false" />
198-->[androidx.window:window:1.0.0-beta04] AndroidManifest.xml:30:13-37
199
200        <provider
200-->[androidx.profileinstaller:profileinstaller:1.3.0] AndroidManifest.xml:24:9-32:20
201            android:name="androidx.startup.InitializationProvider"
201-->[androidx.profileinstaller:profileinstaller:1.3.0] AndroidManifest.xml:25:13-67
202            android:authorities="com.example.fooddelivery.androidx-startup"
202-->[androidx.profileinstaller:profileinstaller:1.3.0] AndroidManifest.xml:26:13-68
203            android:exported="false" >
203-->[androidx.profileinstaller:profileinstaller:1.3.0] AndroidManifest.xml:27:13-37
204            <meta-data
204-->[androidx.profileinstaller:profileinstaller:1.3.0] AndroidManifest.xml:29:13-31:52
205                android:name="androidx.profileinstaller.ProfileInstallerInitializer"
205-->[androidx.profileinstaller:profileinstaller:1.3.0] AndroidManifest.xml:30:17-85
206                android:value="androidx.startup" />
206-->[androidx.profileinstaller:profileinstaller:1.3.0] AndroidManifest.xml:31:17-49
207        </provider>
208
209        <receiver
209-->[androidx.profileinstaller:profileinstaller:1.3.0] AndroidManifest.xml:34:9-52:20
210            android:name="androidx.profileinstaller.ProfileInstallReceiver"
210-->[androidx.profileinstaller:profileinstaller:1.3.0] AndroidManifest.xml:35:13-76
211            android:directBootAware="false"
211-->[androidx.profileinstaller:profileinstaller:1.3.0] AndroidManifest.xml:36:13-44
212            android:enabled="true"
212-->[androidx.profileinstaller:profileinstaller:1.3.0] AndroidManifest.xml:37:13-35
213            android:exported="true"
213-->[androidx.profileinstaller:profileinstaller:1.3.0] AndroidManifest.xml:38:13-36
214            android:permission="android.permission.DUMP" >
214-->[androidx.profileinstaller:profileinstaller:1.3.0] AndroidManifest.xml:39:13-57
215            <intent-filter>
215-->[androidx.profileinstaller:profileinstaller:1.3.0] AndroidManifest.xml:40:13-42:29
216                <action android:name="androidx.profileinstaller.action.INSTALL_PROFILE" />
216-->[androidx.profileinstaller:profileinstaller:1.3.0] AndroidManifest.xml:41:17-91
216-->[androidx.profileinstaller:profileinstaller:1.3.0] AndroidManifest.xml:41:25-88
217            </intent-filter>
218            <intent-filter>
218-->[androidx.profileinstaller:profileinstaller:1.3.0] AndroidManifest.xml:43:13-45:29
219                <action android:name="androidx.profileinstaller.action.SKIP_FILE" />
219-->[androidx.profileinstaller:profileinstaller:1.3.0] AndroidManifest.xml:44:17-85
219-->[androidx.profileinstaller:profileinstaller:1.3.0] AndroidManifest.xml:44:25-82
220            </intent-filter>
221            <intent-filter>
221-->[androidx.profileinstaller:profileinstaller:1.3.0] AndroidManifest.xml:46:13-48:29
222                <action android:name="androidx.profileinstaller.action.SAVE_PROFILE" />
222-->[androidx.profileinstaller:profileinstaller:1.3.0] AndroidManifest.xml:47:17-88
222-->[androidx.profileinstaller:profileinstaller:1.3.0] AndroidManifest.xml:47:25-85
223            </intent-filter>
224            <intent-filter>
224-->[androidx.profileinstaller:profileinstaller:1.3.0] AndroidManifest.xml:49:13-51:29
225                <action android:name="androidx.profileinstaller.action.BENCHMARK_OPERATION" />
225-->[androidx.profileinstaller:profileinstaller:1.3.0] AndroidManifest.xml:50:17-95
225-->[androidx.profileinstaller:profileinstaller:1.3.0] AndroidManifest.xml:50:25-92
226            </intent-filter>
227        </receiver>
228    </application>
229
230</manifest>